<?xml version="1.0" encoding="UTF-8"?>
<!-- Generated by org.testng.reporters.JUnitReportReporter -->
<testsuite hostname="LAPTOP-0STQ7AK3" failures="0" tests="1" name="com.cucumber.test.CucumberRunner" time="5.881" errors="0" timestamp="2023-09-28T20:05:58 EDT" skipped="0">
  <testcase classname="com.cucumber.test.CucumberRunner" name="runScenario" time="5.881"/>
  <system-out/>
</testsuite> <!-- com.cucumber.test.CucumberRunner -->
