<?xml version="1.0" encoding="UTF-8"?>
<!-- Generated by org.testng.reporters.JUnitReportReporter -->
<testsuite hostname="LAPTOP-0STQ7AK3" failures="0" tests="3" name="com.regression.GoogleSearch" time="8.323" errors="0" timestamp="2023-09-28T18:08:53 EDT" skipped="0">
  <testcase classname="com.regression.GoogleSearch" name="setup" time="4.203"/>
  <system-out/>
  <testcase classname="com.regression.GoogleSearch" name="test1" time="0.963"/>
  <system-out/>
  <testcase classname="com.regression.GoogleSearch" name="tearDown" time="3.157"/>
  <system-out/>
</testsuite> <!-- com.regression.GoogleSearch -->
