<?xml version="1.0" encoding="UTF-8"?>
<!-- Generated by org.testng.reporters.JUnitReportReporter -->
<testsuite hostname="LAPTOP-0STQ7AK3" failures="0" tests="1" name="com.cucumber.test.CucumberRunner" time="7.443" errors="0" timestamp="2023-09-28T20:08:17 EDT" skipped="0">
  <testcase classname="com.cucumber.test.CucumberRunner" name="runScenario" time="7.443"/>
  <system-out/>
</testsuite> <!-- com.cucumber.test.CucumberRunner -->
